<?xml version="1.0" encoding="UTF-8"?>
<!-- Generated by org.testng.reporters.JUnitXMLReporter -->
<testsuite ignored="0" hostname="DESKTOP-7A190HN" failures="0" tests="2" name="Wrong Credential Test" time="47.671" errors="0" timestamp="2022-09-16T00:58:05 IST">
  <testcase classname="Assignment1.Tests.WrongCredentialTest" name="assingment2" time="34.059"/>
  <testcase classname="Assignment1.Tests.WrongCredentialTest" name="assignment2Part2" time="13.422"/>
</testsuite> <!-- Wrong Credential Test -->
